{"E:/Personal/Course/Software Engineer Course - DF/se-2404-a/challenge-4-travel-info-front-end-myaleung/src/components/PasswordForm.jsx": {"path":"E:/Personal/Course/Software Engineer Course - DF/se-2404-a/challenge-4-travel-info-front-end-myaleung/src/components/PasswordForm.jsx","statementMap":{"0":{"start":{"line":6,"column":21},"end":{"line":167,"column":null}},"1":{"start":{"line":7,"column":19},"end":{"line":7,"column":null}},"2":{"start":{"line":8,"column":40},"end":{"line":8,"column":null}},"3":{"start":{"line":9,"column":40},"end":{"line":9,"column":null}},"4":{"start":{"line":10,"column":42},"end":{"line":10,"column":null}},"5":{"start":{"line":11,"column":30},"end":{"line":11,"column":null}},"6":{"start":{"line":12,"column":56},"end":{"line":12,"column":null}},"7":{"start":{"line":13,"column":27},"end":{"line":13,"column":null}},"8":{"start":{"line":14,"column":26},"end":{"line":14,"column":null}},"9":{"start":{"line":15,"column":28},"end":{"line":15,"column":null}},"10":{"start":{"line":17,"column":28},"end":{"line":20,"column":null}},"11":{"start":{"line":18,"column":4},"end":{"line":18,"column":null}},"12":{"start":{"line":19,"column":4},"end":{"line":19,"column":null}},"13":{"start":{"line":22,"column":28},"end":{"line":25,"column":null}},"14":{"start":{"line":23,"column":2},"end":{"line":23,"column":null}},"15":{"start":{"line":24,"column":2},"end":{"line":24,"column":null}},"16":{"start":{"line":27,"column":29},"end":{"line":30,"column":null}},"17":{"start":{"line":28,"column":2},"end":{"line":28,"column":null}},"18":{"start":{"line":29,"column":2},"end":{"line":29,"column":null}},"19":{"start":{"line":32,"column":23},"end":{"line":89,"column":null}},"20":{"start":{"line":33,"column":4},"end":{"line":33,"column":null}},"21":{"start":{"line":35,"column":4},"end":{"line":39,"column":null}},"22":{"start":{"line":36,"column":6},"end":{"line":36,"column":null}},"23":{"start":{"line":37,"column":6},"end":{"line":37,"column":null}},"24":{"start":{"line":38,"column":6},"end":{"line":38,"column":null}},"25":{"start":{"line":40,"column":4},"end":{"line":40,"column":null}},"26":{"start":{"line":41,"column":4},"end":{"line":41,"column":null}},"27":{"start":{"line":43,"column":4},"end":{"line":47,"column":null}},"28":{"start":{"line":44,"column":6},"end":{"line":44,"column":null}},"29":{"start":{"line":46,"column":6},"end":{"line":46,"column":null}},"30":{"start":{"line":48,"column":23},"end":{"line":48,"column":null}},"31":{"start":{"line":50,"column":2},"end":{"line":52,"column":null}},"32":{"start":{"line":51,"column":3},"end":{"line":51,"column":null}},"33":{"start":{"line":53,"column":17},"end":{"line":53,"column":null}},"34":{"start":{"line":54,"column":4},"end":{"line":88,"column":null}},"35":{"start":{"line":55,"column":21},"end":{"line":55,"column":null}},"36":{"start":{"line":56,"column":6},"end":{"line":81,"column":null}},"37":{"start":{"line":59,"column":10},"end":{"line":59,"column":null}},"38":{"start":{"line":60,"column":10},"end":{"line":60,"column":null}},"39":{"start":{"line":61,"column":10},"end":{"line":61,"column":null}},"40":{"start":{"line":62,"column":5},"end":{"line":62,"column":null}},"41":{"start":{"line":65,"column":5},"end":{"line":65,"column":null}},"42":{"start":{"line":66,"column":5},"end":{"line":66,"column":null}},"43":{"start":{"line":69,"column":5},"end":{"line":69,"column":null}},"44":{"start":{"line":70,"column":5},"end":{"line":70,"column":null}},"45":{"start":{"line":73,"column":5},"end":{"line":73,"column":null}},"46":{"start":{"line":74,"column":5},"end":{"line":74,"column":null}},"47":{"start":{"line":77,"column":5},"end":{"line":77,"column":null}},"48":{"start":{"line":78,"column":5},"end":{"line":78,"column":null}},"49":{"start":{"line":80,"column":5},"end":{"line":80,"column":null}},"50":{"start":{"line":83,"column":6},"end":{"line":83,"column":null}},"51":{"start":{"line":84,"column":6},"end":{"line":84,"column":null}},"52":{"start":{"line":85,"column":6},"end":{"line":85,"column":null}},"53":{"start":{"line":87,"column":6},"end":{"line":87,"column":null}},"54":{"start":{"line":91,"column":27},"end":{"line":108,"column":null}},"55":{"start":{"line":92,"column":4},"end":{"line":97,"column":null}},"56":{"start":{"line":93,"column":3},"end":{"line":93,"column":null}},"57":{"start":{"line":94,"column":3},"end":{"line":94,"column":null}},"58":{"start":{"line":95,"column":3},"end":{"line":95,"column":null}},"59":{"start":{"line":96,"column":3},"end":{"line":96,"column":null}},"60":{"start":{"line":98,"column":4},"end":{"line":102,"column":null}},"61":{"start":{"line":99,"column":6},"end":{"line":99,"column":null}},"62":{"start":{"line":100,"column":3},"end":{"line":100,"column":null}},"63":{"start":{"line":101,"column":6},"end":{"line":101,"column":null}},"64":{"start":{"line":103,"column":4},"end":{"line":107,"column":null}},"65":{"start":{"line":104,"column":6},"end":{"line":104,"column":null}},"66":{"start":{"line":105,"column":3},"end":{"line":105,"column":null}},"67":{"start":{"line":106,"column":6},"end":{"line":106,"column":null}},"68":{"start":{"line":110,"column":2},"end":{"line":165,"column":null}},"69":{"start":{"line":123,"column":23},"end":{"line":123,"column":null}},"70":{"start":{"line":136,"column":23},"end":{"line":136,"column":null}},"71":{"start":{"line":149,"column":23},"end":{"line":149,"column":null}}},"fnMap":{"0":{"name":"(anonymous_0)","decl":{"start":{"line":6,"column":21},"end":{"line":6,"column":27}},"loc":{"start":{"line":6,"column":27},"end":{"line":167,"column":null}}},"1":{"name":"(anonymous_1)","decl":{"start":{"line":17,"column":28},"end":{"line":17,"column":29}},"loc":{"start":{"line":17,"column":39},"end":{"line":20,"column":null}}},"2":{"name":"(anonymous_2)","decl":{"start":{"line":22,"column":28},"end":{"line":22,"column":29}},"loc":{"start":{"line":22,"column":39},"end":{"line":25,"column":null}}},"3":{"name":"(anonymous_3)","decl":{"start":{"line":27,"column":29},"end":{"line":27,"column":30}},"loc":{"start":{"line":27,"column":40},"end":{"line":30,"column":null}}},"4":{"name":"(anonymous_4)","decl":{"start":{"line":32,"column":23},"end":{"line":32,"column":30}},"loc":{"start":{"line":32,"column":36},"end":{"line":89,"column":null}}},"5":{"name":"(anonymous_5)","decl":{"start":{"line":91,"column":27},"end":{"line":91,"column":33}},"loc":{"start":{"line":91,"column":33},"end":{"line":108,"column":null}}},"6":{"name":"(anonymous_6)","decl":{"start":{"line":123,"column":16},"end":{"line":123,"column":17}},"loc":{"start":{"line":123,"column":23},"end":{"line":123,"column":null}}},"7":{"name":"(anonymous_7)","decl":{"start":{"line":136,"column":16},"end":{"line":136,"column":17}},"loc":{"start":{"line":136,"column":23},"end":{"line":136,"column":null}}},"8":{"name":"(anonymous_8)","decl":{"start":{"line":149,"column":16},"end":{"line":149,"column":17}},"loc":{"start":{"line":149,"column":23},"end":{"line":149,"column":null}}}},"branchMap":{"0":{"loc":{"start":{"line":35,"column":4},"end":{"line":39,"column":null}},"type":"if","locations":[{"start":{"line":35,"column":4},"end":{"line":39,"column":null}},{"start":{"line":35,"column":4},"end":{"line":39,"column":null}}]},"1":{"loc":{"start":{"line":35,"column":8},"end":{"line":35,"column":166}},"type":"binary-expr","locations":[{"start":{"line":35,"column":8},"end":{"line":35,"column":61}},{"start":{"line":35,"column":61},"end":{"line":35,"column":114}},{"start":{"line":35,"column":114},"end":{"line":35,"column":166}}]},"2":{"loc":{"start":{"line":50,"column":2},"end":{"line":52,"column":null}},"type":"if","locations":[{"start":{"line":50,"column":2},"end":{"line":52,"column":null}},{"start":{"line":50,"column":2},"end":{"line":52,"column":null}}]},"3":{"loc":{"start":{"line":56,"column":6},"end":{"line":81,"column":null}},"type":"switch","locations":[{"start":{"line":57,"column":8},"end":{"line":62,"column":null}},{"start":{"line":63,"column":4},"end":{"line":66,"column":null}},{"start":{"line":67,"column":4},"end":{"line":70,"column":null}},{"start":{"line":71,"column":4},"end":{"line":74,"column":null}},{"start":{"line":75,"column":4},"end":{"line":78,"column":null}},{"start":{"line":79,"column":4},"end":{"line":80,"column":null}}]},"4":{"loc":{"start":{"line":92,"column":4},"end":{"line":97,"column":null}},"type":"if","locations":[{"start":{"line":92,"column":4},"end":{"line":97,"column":null}},{"start":{"line":92,"column":4},"end":{"line":97,"column":null}}]},"5":{"loc":{"start":{"line":92,"column":8},"end":{"line":92,"column":73}},"type":"binary-expr","locations":[{"start":{"line":92,"column":8},"end":{"line":92,"column":30}},{"start":{"line":92,"column":30},"end":{"line":92,"column":52}},{"start":{"line":92,"column":52},"end":{"line":92,"column":73}}]},"6":{"loc":{"start":{"line":98,"column":4},"end":{"line":102,"column":null}},"type":"if","locations":[{"start":{"line":98,"column":4},"end":{"line":102,"column":null}},{"start":{"line":98,"column":4},"end":{"line":102,"column":null}}]},"7":{"loc":{"start":{"line":103,"column":4},"end":{"line":107,"column":null}},"type":"if","locations":[{"start":{"line":103,"column":4},"end":{"line":107,"column":null}},{"start":{"line":103,"column":4},"end":{"line":107,"column":null}}]},"8":{"loc":{"start":{"line":160,"column":5},"end":{"line":161,"column":null}},"type":"binary-expr","locations":[{"start":{"line":160,"column":5},"end":{"line":160,"column":null}},{"start":{"line":161,"column":5},"end":{"line":161,"column":null}}]},"9":{"loc":{"start":{"line":163,"column":5},"end":{"line":163,"column":null}},"type":"binary-expr","locations":[{"start":{"line":163,"column":5},"end":{"line":163,"column":22}},{"start":{"line":163,"column":22},"end":{"line":163,"column":null}}]}},"s":{"0":1,"1":1,"2":1,"3":1,"4":1,"5":1,"6":1,"7":1,"8":1,"9":1,"10":1,"11":0,"12":0,"13":1,"14":0,"15":0,"16":1,"17":0,"18":0,"19":1,"20":0,"21":0,"22":0,"23":0,"24":0,"25":0,"26":0,"27":0,"28":0,"29":0,"30":0,"31":0,"32":0,"33":0,"34":0,"35":0,"36":0,"37":0,"38":0,"39":0,"40":0,"41":0,"42":0,"43":0,"44":0,"45":0,"46":0,"47":0,"48":0,"49":0,"50":0,"51":0,"52":0,"53":0,"54":1,"55":0,"56":0,"57":0,"58":0,"59":0,"60":0,"61":0,"62":0,"63":0,"64":0,"65":0,"66":0,"67":0,"68":1,"69":0,"70":0,"71":0},"f":{"0":1,"1":0,"2":0,"3":0,"4":0,"5":0,"6":0,"7":0,"8":0},"b":{"0":[0,0],"1":[0,0,0],"2":[0,0],"3":[0,0,0,0,0,0],"4":[0,0],"5":[0,0,0],"6":[0,0],"7":[0,0],"8":[1,0],"9":[1,0]}}
,"E:/Personal/Course/Software Engineer Course - DF/se-2404-a/challenge-4-travel-info-front-end-myaleung/src/services/auth.service.js": {"path":"E:/Personal/Course/Software Engineer Course - DF/se-2404-a/challenge-4-travel-info-front-end-myaleung/src/services/auth.service.js","statementMap":{"0":{"start":{"line":3,"column":19},"end":{"line":3,"column":54}},"1":{"start":{"line":5,"column":30},"end":{"line":16,"column":1}},"2":{"start":{"line":6,"column":2},"end":{"line":15,"column":3}},"3":{"start":{"line":8,"column":21},"end":{"line":8,"column":76}},"4":{"start":{"line":10,"column":4},"end":{"line":10,"column":45}},"5":{"start":{"line":11,"column":4},"end":{"line":11,"column":20}},"6":{"start":{"line":13,"column":4},"end":{"line":13,"column":19}},"7":{"start":{"line":14,"column":4},"end":{"line":14,"column":22}},"8":{"start":{"line":18,"column":36},"end":{"line":31,"column":1}},"9":{"start":{"line":19,"column":2},"end":{"line":30,"column":3}},"10":{"start":{"line":21,"column":21},"end":{"line":25,"column":6}},"11":{"start":{"line":27,"column":4},"end":{"line":27,"column":20}},"12":{"start":{"line":29,"column":4},"end":{"line":29,"column":22}}},"fnMap":{"0":{"name":"(anonymous_0)","decl":{"start":{"line":5,"column":30},"end":{"line":5,"column":35}},"loc":{"start":{"line":5,"column":61},"end":{"line":16,"column":1}}},"1":{"name":"(anonymous_1)","decl":{"start":{"line":18,"column":36},"end":{"line":18,"column":41}},"loc":{"start":{"line":18,"column":74},"end":{"line":31,"column":1}}}},"branchMap":{},"s":{"0":1,"1":1,"2":0,"3":0,"4":0,"5":0,"6":0,"7":0,"8":1,"9":0,"10":0,"11":0,"12":0},"f":{"0":0,"1":0},"b":{}}
}
